<?xml version="1.0" encoding="UTF-8"?>
<!-- Generated by org.testng.reporters.JUnitReportReporter -->
<testsuite hostname="DESKTOP-QU4N233" failures="0" tests="2" name="com.vtiger.comcast.organizationtest.CreateOrganizationTestNg" time="93.833" errors="0" timestamp="2022-02-01T11:59:54 IST" skipped="0">
  <testcase classname="com.vtiger.comcast.organizationtest.CreateOrganizationTestNg" name="CreateOrganizationTest" time="53.019"/>
  <system-out/>
  <testcase classname="com.vtiger.comcast.organizationtest.CreateOrganizationTestNg" name="CreateorganizationindustryTest" time="40.814"/>
  <system-out/>
</testsuite> <!-- com.vtiger.comcast.organizationtest.CreateOrganizationTestNg -->
