<?xml version="1.0" encoding="UTF-8"?>
<!-- Generated by org.testng.reporters.JUnitReportReporter -->
<testsuite hostname="DESKTOP-QU4N233" failures="0" tests="2" name="com.vtiger.comcast.organizationtest.CreateOrganizationTestNgTets" time="128.896" errors="0" timestamp="2022-02-01T15:43:36 IST" skipped="0">
  <testcase classname="com.vtiger.comcast.organizationtest.CreateOrganizationTestNgTets" name="CreateorganizationindustryTest" time="74.229"/>
  <system-out/>
  <testcase classname="com.vtiger.comcast.organizationtest.CreateOrganizationTestNgTets" name="CreateOrganizationTest" time="54.667"/>
  <system-out/>
</testsuite> <!-- com.vtiger.comcast.organizationtest.CreateOrganizationTestNgTets -->
