<?xml version="1.0" encoding="UTF-8"?>
<!-- Generated by org.testng.reporters.JUnitReportReporter -->
<testsuite hostname="DESKTOP-QU4N233" failures="0" tests="5" name="TestNgPractice.BookTicket" time="0.059" errors="0" timestamp="2022-01-21T20:13:26 IST" skipped="0">
  <testcase classname="TestNgPractice.BookTicket" name="bookTicketTest" time="0.010"/>
  <system-out/>
  <testcase classname="TestNgPractice.BookTicket" name="bookTicketTest" time="0.013"/>
  <system-out/>
  <testcase classname="TestNgPractice.BookTicket" name="bookTicketTest" time="0.010"/>
  <system-out/>
  <testcase classname="TestNgPractice.BookTicket" name="bookTicketTest" time="0.006"/>
  <system-out/>
  <testcase classname="TestNgPractice.BookTicket" name="bookTicketTest" time="0.020"/>
  <system-out/>
</testsuite> <!-- TestNgPractice.BookTicket -->
